<?xml version="1.0" encoding="UTF-8"?>
<testng-results ignored="0" total="10" passed="10" failed="0" skipped="0">
  <reporter-output>
  </reporter-output>
  <suite started-at="2025-11-10T16:37:39 GMT+05:00" name="Suite1" finished-at="2025-11-10T16:37:39 GMT+05:00" duration-ms="42">
    <groups>
      <group name="data">
        <method signature="MainTest.testUmnozhenie2(int,int,int)[pri:0, instance:org.example.MainTest@4e4aea35]" name="testUmnozhenie2" class="org.example.MainTest"/>
      </group> <!-- data -->
      <group name="math">
        <method signature="MainTest.testDelenie()[pri:0, instance:org.example.MainTest@4e4aea35]" name="testDelenie" class="org.example.MainTest"/>
        <method signature="MainTest.testMinus()[pri:0, instance:org.example.MainTest@4e4aea35]" name="testMinus" class="org.example.MainTest"/>
        <method signature="MainTest.testSqrt()[pri:0, instance:org.example.MainTest@4e4aea35]" name="testSqrt" class="org.example.MainTest"/>
        <method signature="MainTest.testSum()[pri:0, instance:org.example.MainTest@4e4aea35]" name="testSum" class="org.example.MainTest"/>
        <method signature="MainTest.testUmnozhenie()[pri:0, instance:org.example.MainTest@4e4aea35]" name="testUmnozhenie" class="org.example.MainTest"/>
        <method signature="MainTest.testUmnozhenie2(int,int,int)[pri:0, instance:org.example.MainTest@4e4aea35]" name="testUmnozhenie2" class="org.example.MainTest"/>
      </group> <!-- math -->
      <group name="exceptions">
        <method signature="MainTest.testDelenieExc()[pri:0, instance:org.example.MainTest@4e4aea35]" name="testDelenieExc" class="org.example.MainTest"/>
        <method signature="MainTest.testSqrtExc()[pri:0, instance:org.example.MainTest@4e4aea35]" name="testSqrtExc" class="org.example.MainTest"/>
      </group> <!-- exceptions -->
    </groups>
    <test started-at="2025-11-10T16:37:39 GMT+05:00" name="AllTests" finished-at="2025-11-10T16:37:39 GMT+05:00" duration-ms="42">
      <class name="org.example.MainTest">
        <test-method signature="testDelenie()[pri:0, instance:org.example.MainTest@4e4aea35]" started-at="2025-11-10T16:37:39 GMT+05:00" name="testDelenie" finished-at="2025-11-10T16:37:39 GMT+05:00" duration-ms="4" status="PASS">
          <reporter-output>
          </reporter-output>
        </test-method> <!-- testDelenie -->
        <test-method signature="testDelenieExc()[pri:0, instance:org.example.MainTest@4e4aea35]" started-at="2025-11-10T16:37:39 GMT+05:00" name="testDelenieExc" finished-at="2025-11-10T16:37:39 GMT+05:00" duration-ms="0" status="PASS">
          <exception class="java.lang.IndexOutOfBoundsException">
            <message>
              <![CDATA[На ноль делить нельзя]]>
            </message>
            <full-stacktrace>
              <![CDATA[java.lang.IndexOutOfBoundsException: На ноль делить нельзя
at org.example.Main.delenie(Main.java:20)
at org.example.MainTest.testDelenieExc(MainTest.java:62)
at java.base/jdk.internal.reflect.DirectMethodHandleAccessor.invoke(DirectMethodHandleAccessor.java:104)
at java.base/java.lang.reflect.Method.invoke(Method.java:565)
at org.testng.internal.invokers.MethodInvocationHelper.invokeMethod(MethodInvocationHelper.java:141)
at org.testng.internal.invokers.TestInvoker.invokeMethod(TestInvoker.java:687)
at org.testng.internal.invokers.TestInvoker.invokeTestMethod(TestInvoker.java:230)
at org.testng.internal.invokers.MethodRunner.runInSequence(MethodRunner.java:63)
at org.testng.internal.invokers.TestInvoker$MethodInvocationAgent.invoke(TestInvoker.java:995)
at org.testng.internal.invokers.TestInvoker.invokeTestMethods(TestInvoker.java:203)
at org.testng.internal.invokers.TestMethodWorker.invokeTestMethods(TestMethodWorker.java:154)
at org.testng.internal.invokers.TestMethodWorker.run(TestMethodWorker.java:134)
at java.base/java.util.ArrayList.forEach(ArrayList.java:1604)
at org.testng.TestRunner.privateRun(TestRunner.java:741)
at org.testng.TestRunner.run(TestRunner.java:616)
at org.testng.SuiteRunner.runTest(SuiteRunner.java:421)
at org.testng.SuiteRunner.runSequentially(SuiteRunner.java:413)
at org.testng.SuiteRunner.privateRun(SuiteRunner.java:373)
at org.testng.SuiteRunner.run(SuiteRunner.java:312)
at org.testng.SuiteRunnerWorker.runSuite(SuiteRunnerWorker.java:52)
at org.testng.SuiteRunnerWorker.run(SuiteRunnerWorker.java:95)
at org.testng.TestNG.runSuitesSequentially(TestNG.java:1274)
at org.testng.TestNG.runSuitesLocally(TestNG.java:1208)
at org.testng.TestNG.runSuites(TestNG.java:1112)
at org.testng.TestNG.run(TestNG.java:1079)
at org.testng.TestNG.privateMain(TestNG.java:1430)
at org.testng.TestNG.main(TestNG.java:1394)
]]>
            </full-stacktrace>
          </exception> <!-- java.lang.IndexOutOfBoundsException -->
          <reporter-output>
          </reporter-output>
        </test-method> <!-- testDelenieExc -->
        <test-method signature="testMinus()[pri:0, instance:org.example.MainTest@4e4aea35]" started-at="2025-11-10T16:37:39 GMT+05:00" name="testMinus" finished-at="2025-11-10T16:37:39 GMT+05:00" duration-ms="1" status="PASS">
          <reporter-output>
          </reporter-output>
        </test-method> <!-- testMinus -->
        <test-method signature="testSqrtExc()[pri:0, instance:org.example.MainTest@4e4aea35]" started-at="2025-11-10T16:37:39 GMT+05:00" name="testSqrtExc" finished-at="2025-11-10T16:37:39 GMT+05:00" duration-ms="1" status="PASS">
          <exception class="java.lang.IndexOutOfBoundsException">
            <message>
              <![CDATA[Нельзя извлечь корень из отрицательного числа]]>
            </message>
            <full-stacktrace>
              <![CDATA[java.lang.IndexOutOfBoundsException: Нельзя извлечь корень из отрицательного числа
at org.example.Main.sqrt(Main.java:26)
at org.example.MainTest.testSqrtExc(MainTest.java:77)
at java.base/jdk.internal.reflect.DirectMethodHandleAccessor.invoke(DirectMethodHandleAccessor.java:104)
at java.base/java.lang.reflect.Method.invoke(Method.java:565)
at org.testng.internal.invokers.MethodInvocationHelper.invokeMethod(MethodInvocationHelper.java:141)
at org.testng.internal.invokers.TestInvoker.invokeMethod(TestInvoker.java:687)
at org.testng.internal.invokers.TestInvoker.invokeTestMethod(TestInvoker.java:230)
at org.testng.internal.invokers.MethodRunner.runInSequence(MethodRunner.java:63)
at org.testng.internal.invokers.TestInvoker$MethodInvocationAgent.invoke(TestInvoker.java:995)
at org.testng.internal.invokers.TestInvoker.invokeTestMethods(TestInvoker.java:203)
at org.testng.internal.invokers.TestMethodWorker.invokeTestMethods(TestMethodWorker.java:154)
at org.testng.internal.invokers.TestMethodWorker.run(TestMethodWorker.java:134)
at java.base/java.util.ArrayList.forEach(ArrayList.java:1604)
at org.testng.TestRunner.privateRun(TestRunner.java:741)
at org.testng.TestRunner.run(TestRunner.java:616)
at org.testng.SuiteRunner.runTest(SuiteRunner.java:421)
at org.testng.SuiteRunner.runSequentially(SuiteRunner.java:413)
at org.testng.SuiteRunner.privateRun(SuiteRunner.java:373)
at org.testng.SuiteRunner.run(SuiteRunner.java:312)
at org.testng.SuiteRunnerWorker.runSuite(SuiteRunnerWorker.java:52)
at org.testng.SuiteRunnerWorker.run(SuiteRunnerWorker.java:95)
at org.testng.TestNG.runSuitesSequentially(TestNG.java:1274)
at org.testng.TestNG.runSuitesLocally(TestNG.java:1208)
at org.testng.TestNG.runSuites(TestNG.java:1112)
at org.testng.TestNG.run(TestNG.java:1079)
at org.testng.TestNG.privateMain(TestNG.java:1430)
at org.testng.TestNG.main(TestNG.java:1394)
]]>
            </full-stacktrace>
          </exception> <!-- java.lang.IndexOutOfBoundsException -->
          <reporter-output>
          </reporter-output>
        </test-method> <!-- testSqrtExc -->
        <test-method signature="testSqrt()[pri:0, instance:org.example.MainTest@4e4aea35]" started-at="2025-11-10T16:37:39 GMT+05:00" name="testSqrt" finished-at="2025-11-10T16:37:39 GMT+05:00" duration-ms="0" status="PASS">
          <reporter-output>
          </reporter-output>
        </test-method> <!-- testSqrt -->
        <test-method signature="testSum()[pri:0, instance:org.example.MainTest@4e4aea35]" started-at="2025-11-10T16:37:39 GMT+05:00" name="testSum" finished-at="2025-11-10T16:37:39 GMT+05:00" duration-ms="0" status="PASS">
          <reporter-output>
          </reporter-output>
        </test-method> <!-- testSum -->
        <test-method signature="testUmnozhenie()[pri:0, instance:org.example.MainTest@4e4aea35]" started-at="2025-11-10T16:37:39 GMT+05:00" name="testUmnozhenie" finished-at="2025-11-10T16:37:39 GMT+05:00" duration-ms="0" status="PASS">
          <reporter-output>
          </reporter-output>
        </test-method> <!-- testUmnozhenie -->
        <test-method signature="testUmnozhenie2(int,int,int)[pri:0, instance:org.example.MainTest@4e4aea35]" started-at="2025-11-10T16:37:39 GMT+05:00" name="testUmnozhenie2" data-provider="divisionData" finished-at="2025-11-10T16:37:39 GMT+05:00" duration-ms="4" status="PASS">
          <params>
            <param index="0">
              <value>
                <![CDATA[6]]>
              </value>
            </param>
            <param index="1">
              <value>
                <![CDATA[2]]>
              </value>
            </param>
            <param index="2">
              <value>
                <![CDATA[12]]>
              </value>
            </param>
          </params>
          <reporter-output>
          </reporter-output>
        </test-method> <!-- testUmnozhenie2 -->
        <test-method signature="testUmnozhenie2(int,int,int)[pri:0, instance:org.example.MainTest@4e4aea35]" started-at="2025-11-10T16:37:39 GMT+05:00" name="testUmnozhenie2" data-provider="divisionData" finished-at="2025-11-10T16:37:39 GMT+05:00" duration-ms="0" status="PASS">
          <params>
            <param index="0">
              <value>
                <![CDATA[7]]>
              </value>
            </param>
            <param index="1">
              <value>
                <![CDATA[5]]>
              </value>
            </param>
            <param index="2">
              <value>
                <![CDATA[35]]>
              </value>
            </param>
          </params>
          <reporter-output>
          </reporter-output>
        </test-method> <!-- testUmnozhenie2 -->
        <test-method signature="testUmnozhenie2(int,int,int)[pri:0, instance:org.example.MainTest@4e4aea35]" started-at="2025-11-10T16:37:39 GMT+05:00" name="testUmnozhenie2" data-provider="divisionData" finished-at="2025-11-10T16:37:39 GMT+05:00" duration-ms="0" status="PASS">
          <params>
            <param index="0">
              <value>
                <![CDATA[21]]>
              </value>
            </param>
            <param index="1">
              <value>
                <![CDATA[3]]>
              </value>
            </param>
            <param index="2">
              <value>
                <![CDATA[63]]>
              </value>
            </param>
          </params>
          <reporter-output>
          </reporter-output>
        </test-method> <!-- testUmnozhenie2 -->
      </class> <!-- org.example.MainTest -->
    </test> <!-- AllTests -->
  </suite> <!-- Suite1 -->
</testng-results>
