<?xml version="1.0" encoding="UTF-8"?>
<testng-results ignored="10" total="14" passed="4" failed="0" skipped="0">
  <reporter-output>
  </reporter-output>
  <suite started-at="2025-11-24T19:38:40 GMT+05:00" name="dataOnly" finished-at="2025-11-24T19:38:40 GMT+05:00" duration-ms="65">
    <groups>
      <group name="data">
        <method signature="MainTest.testDobavitDataProvider(java.lang.String,java.lang.String,java.lang.String,boolean)[pri:0, instance:org.example.MainTest@1cab0bfb]" name="testDobavitDataProvider" class="org.example.MainTest"/>
      </group> <!-- data -->
    </groups>
    <test started-at="2025-11-24T19:38:40 GMT+05:00" name="dataOnly" finished-at="2025-11-24T19:38:40 GMT+05:00" duration-ms="65">
      <class name="org.example.MainTest">
        <test-method signature="testDobavitDataProvider(java.lang.String,java.lang.String,java.lang.String,boolean)[pri:0, instance:org.example.MainTest@1cab0bfb]" started-at="2025-11-24T19:38:40 GMT+05:00" name="testDobavitDataProvider" data-provider="taskData" finished-at="2025-11-24T19:38:40 GMT+05:00" duration-ms="25" status="PASS">
          <params>
            <param index="0">
              <value>
                <![CDATA[Задача 1]]>
              </value>
            </param>
            <param index="1">
              <value>
                <![CDATA[Высокий]]>
              </value>
            </param>
            <param index="2">
              <value>
                <![CDATA[31.12.2024]]>
              </value>
            </param>
            <param index="3">
              <value>
                <![CDATA[true]]>
              </value>
            </param>
          </params>
          <reporter-output>
          </reporter-output>
        </test-method> <!-- testDobavitDataProvider -->
        <test-method signature="testDobavitDataProvider(java.lang.String,java.lang.String,java.lang.String,boolean)[pri:0, instance:org.example.MainTest@1cab0bfb]" started-at="2025-11-24T19:38:40 GMT+05:00" name="testDobavitDataProvider" data-provider="taskData" finished-at="2025-11-24T19:38:40 GMT+05:00" duration-ms="1" status="PASS">
          <params>
            <param index="0">
              <value>
                <![CDATA[Задача 2]]>
              </value>
            </param>
            <param index="1">
              <value>
                <![CDATA[Средний]]>
              </value>
            </param>
            <param index="2">
              <value>
                <![CDATA[20.12.2024]]>
              </value>
            </param>
            <param index="3">
              <value>
                <![CDATA[true]]>
              </value>
            </param>
          </params>
          <reporter-output>
          </reporter-output>
        </test-method> <!-- testDobavitDataProvider -->
        <test-method signature="testDobavitDataProvider(java.lang.String,java.lang.String,java.lang.String,boolean)[pri:0, instance:org.example.MainTest@1cab0bfb]" started-at="2025-11-24T19:38:40 GMT+05:00" name="testDobavitDataProvider" data-provider="taskData" finished-at="2025-11-24T19:38:40 GMT+05:00" duration-ms="0" status="PASS">
          <params>
            <param index="0">
              <value>
                <![CDATA[Задача 3]]>
              </value>
            </param>
            <param index="1">
              <value>
                <![CDATA[Низкий]]>
              </value>
            </param>
            <param index="2">
              <value>
                <![CDATA[25.12.2024]]>
              </value>
            </param>
            <param index="3">
              <value>
                <![CDATA[true]]>
              </value>
            </param>
          </params>
          <reporter-output>
          </reporter-output>
        </test-method> <!-- testDobavitDataProvider -->
        <test-method signature="testDobavitDataProvider(java.lang.String,java.lang.String,java.lang.String,boolean)[pri:0, instance:org.example.MainTest@1cab0bfb]" started-at="2025-11-24T19:38:40 GMT+05:00" name="testDobavitDataProvider" data-provider="taskData" finished-at="2025-11-24T19:38:40 GMT+05:00" duration-ms="0" status="PASS">
          <params>
            <param index="0">
              <value>
                <![CDATA[Задача 4]]>
              </value>
            </param>
            <param index="1">
              <value>
                <![CDATA[Высокий]]>
              </value>
            </param>
            <param index="2">
              <value>
                <![CDATA[неправильная дата]]>
              </value>
            </param>
            <param index="3">
              <value>
                <![CDATA[true]]>
              </value>
            </param>
          </params>
          <reporter-output>
          </reporter-output>
        </test-method> <!-- testDobavitDataProvider -->
      </class> <!-- org.example.MainTest -->
    </test> <!-- dataOnly -->
  </suite> <!-- dataOnly -->
</testng-results>
