<?xml version="1.0" encoding="UTF-8"?>
<!-- Generated by org.testng.reporters.JUnitXMLReporter -->
<testsuite ignored="0" hostname="HomeA" failures="0" tests="10" name="AllTests" time="0.042" errors="0" timestamp="2025-11-10T16:37:39 GMT+05:00">
  <testcase classname="org.example.MainTest" name="testDelenie" time="0.004"/>
  <testcase classname="org.example.MainTest" name="testDelenieExc" time="0.0"/>
  <testcase classname="org.example.MainTest" name="testMinus" time="0.001"/>
  <testcase classname="org.example.MainTest" name="testSqrt" time="0.0"/>
  <testcase classname="org.example.MainTest" name="testSqrtExc" time="0.001"/>
  <testcase classname="org.example.MainTest" name="testSum" time="0.0"/>
  <testcase classname="org.example.MainTest" name="testUmnozhenie" time="0.0"/>
  <testcase classname="org.example.MainTest" name="testUmnozhenie2" time="0.004"/>
  <testcase classname="org.example.MainTest" name="testUmnozhenie2" time="0.0"/>
  <testcase classname="org.example.MainTest" name="testUmnozhenie2" time="0.0"/>
</testsuite> <!-- AllTests -->
