<?xml version="1.0" encoding="UTF-8"?>
<!-- Generated by org.testng.reporters.JUnitXMLReporter -->
<testsuite ignored="8" hostname="HomeA" failures="0" tests="2" name="exceptionsOnly" time="0.049" errors="0" timestamp="2025-11-23T19:15:06 GMT+05:00">
  <testcase classname="org.example.MainTest" name="testGetDisplayInvalidIndex" time="0.015"/>
  <testcase classname="org.example.MainTest" name="testUdalitNesush" time="0.001"/>
  <testcase classname="org.example.MainTest" name="testSmenastatus" time="0.0">
    <ignored/>
  </testcase> <!-- testSmenastatus -->
  <testcase classname="org.example.MainTest" name="testPoiskpotext" time="0.0">
    <ignored/>
  </testcase> <!-- testPoiskpotext -->
  <testcase classname="org.example.MainTest" name="testUdalit" time="0.0">
    <ignored/>
  </testcase> <!-- testUdalit -->
  <testcase classname="org.example.MainTest" name="testDobavitDataProvider" time="0.0">
    <ignored/>
  </testcase> <!-- testDobavitDataProvider -->
  <testcase classname="org.example.MainTest" name="testDetali" time="0.0">
    <ignored/>
  </testcase> <!-- testDetali -->
  <testcase classname="org.example.MainTest" name="testOtobrazhenie" time="0.0">
    <ignored/>
  </testcase> <!-- testOtobrazhenie -->
  <testcase classname="org.example.MainTest" name="testChislozadach" time="0.0">
    <ignored/>
  </testcase> <!-- testChislozadach -->
  <testcase classname="org.example.MainTest" name="testDobavit" time="0.0">
    <ignored/>
  </testcase> <!-- testDobavit -->
</testsuite> <!-- exceptionsOnly -->
