<?xml version="1.0" encoding="UTF-8"?>
<!-- Generated by org.testng.reporters.JUnitXMLReporter -->
<testsuite ignored="10" hostname="HomeA" failures="0" tests="4" name="dataOnly" time="0.065" errors="0" timestamp="2025-11-24T19:38:40 GMT+05:00">
  <testcase classname="org.example.MainTest" name="testDobavitDataProvider" time="0.025"/>
  <testcase classname="org.example.MainTest" name="testDobavitDataProvider" time="0.001"/>
  <testcase classname="org.example.MainTest" name="testDobavitDataProvider" time="0.0"/>
  <testcase classname="org.example.MainTest" name="testDobavitDataProvider" time="0.0"/>
  <testcase classname="org.example.MainTest" name="testUdalitVse" time="0.0">
    <ignored/>
  </testcase> <!-- testUdalitVse -->
  <testcase classname="org.example.MainTest" name="testDobavit" time="0.0">
    <ignored/>
  </testcase> <!-- testDobavit -->
  <testcase classname="org.example.MainTest" name="testUdalit" time="0.0">
    <ignored/>
  </testcase> <!-- testUdalit -->
  <testcase classname="org.example.MainTest" name="testPoiskpotext" time="0.0">
    <ignored/>
  </testcase> <!-- testPoiskpotext -->
  <testcase classname="org.example.MainTest" name="testSmenastatus" time="0.0">
    <ignored/>
  </testcase> <!-- testSmenastatus -->
  <testcase classname="org.example.MainTest" name="testOtobrazhenieNesush" time="0.0">
    <ignored/>
  </testcase> <!-- testOtobrazhenieNesush -->
  <testcase classname="org.example.MainTest" name="testFiltraciaVypolnennyh" time="0.0">
    <ignored/>
  </testcase> <!-- testFiltraciaVypolnennyh -->
  <testcase classname="org.example.MainTest" name="testOtobrazhenieVseh" time="0.0">
    <ignored/>
  </testcase> <!-- testOtobrazhenieVseh -->
  <testcase classname="org.example.MainTest" name="testUdalitNesush" time="0.0">
    <ignored/>
  </testcase> <!-- testUdalitNesush -->
  <testcase classname="org.example.MainTest" name="testDetali" time="0.0">
    <ignored/>
  </testcase> <!-- testDetali -->
</testsuite> <!-- dataOnly -->
