<?xml version="1.0" encoding="UTF-8"?>
<!-- Generated by org.testng.reporters.JUnitXMLReporter -->
<testsuite ignored="6" hostname="HomeA" failures="0" tests="2" name="exceptionsOnly" time="0.002" errors="0" timestamp="2025-11-10T16:37:31 GMT+05:00">
  <testcase classname="org.example.MainTest" name="testDelenieExc" time="0.0"/>
  <testcase classname="org.example.MainTest" name="testSqrtExc" time="0.0"/>
  <testcase classname="org.example.MainTest" name="testDelenie" time="0.0">
    <ignored/>
  </testcase> <!-- testDelenie -->
  <testcase classname="org.example.MainTest" name="testMinus" time="0.0">
    <ignored/>
  </testcase> <!-- testMinus -->
  <testcase classname="org.example.MainTest" name="testUmnozhenie" time="0.0">
    <ignored/>
  </testcase> <!-- testUmnozhenie -->
  <testcase classname="org.example.MainTest" name="testSum" time="0.0">
    <ignored/>
  </testcase> <!-- testSum -->
  <testcase classname="org.example.MainTest" name="testSqrt" time="0.0">
    <ignored/>
  </testcase> <!-- testSqrt -->
  <testcase classname="org.example.MainTest" name="testUmnozhenie2" time="0.0">
    <ignored/>
  </testcase> <!-- testUmnozhenie2 -->
</testsuite> <!-- exceptionsOnly -->
