<?xml version="1.0" encoding="UTF-8"?>
<!-- Generated by org.testng.reporters.JUnitReportReporter -->
<testsuite hostname="HomeA" failures="0" tests="4" name="org.example.MainTest" time="0.026" errors="0" timestamp="2025-11-24T19:38:40 GMT+05:00" skipped="0">
  <testcase classname="org.example.MainTest" name="testDobavitDataProvider" time="0.000"/>
  <testcase classname="org.example.MainTest" name="testDobavitDataProvider" time="0.000"/>
  <testcase classname="org.example.MainTest" name="testDobavitDataProvider" time="0.025"/>
  <testcase classname="org.example.MainTest" name="testDobavitDataProvider" time="0.001"/>
</testsuite> <!-- org.example.MainTest -->
