<?xml version="1.0" encoding="UTF-8"?>
<!-- Generated by org.testng.reporters.JUnitXMLReporter -->
<testsuite ignored="5" hostname="HomeA" failures="0" tests="5" name="osnovnyeOnly" time="0.067" errors="0" timestamp="2025-11-23T19:14:58 GMT+05:00">
  <testcase classname="org.example.MainTest" name="testChislozadach" time="0.027"/>
  <testcase classname="org.example.MainTest" name="testDobavit" time="0.0"/>
  <testcase classname="org.example.MainTest" name="testPoiskpotext" time="0.0"/>
  <testcase classname="org.example.MainTest" name="testSmenastatus" time="0.0"/>
  <testcase classname="org.example.MainTest" name="testUdalit" time="0.0"/>
  <testcase classname="org.example.MainTest" name="testGetDisplayInvalidIndex" time="0.0">
    <ignored/>
  </testcase> <!-- testGetDisplayInvalidIndex -->
  <testcase classname="org.example.MainTest" name="testUdalitNesush" time="0.0">
    <ignored/>
  </testcase> <!-- testUdalitNesush -->
  <testcase classname="org.example.MainTest" name="testDobavitDataProvider" time="0.0">
    <ignored/>
  </testcase> <!-- testDobavitDataProvider -->
  <testcase classname="org.example.MainTest" name="testDetali" time="0.0">
    <ignored/>
  </testcase> <!-- testDetali -->
  <testcase classname="org.example.MainTest" name="testOtobrazhenie" time="0.0">
    <ignored/>
  </testcase> <!-- testOtobrazhenie -->
</testsuite> <!-- osnovnyeOnly -->
